<?xml version="1.0" encoding="UTF-8"?>
<testsuite xmlns:xsi="http://www.w3.org/2001/XMLSchema-instance" xsi:noNamespaceSchemaLocation="https://maven.apache.org/surefire/maven-surefire-plugin/xsd/surefire-test-report.xsd" name="com.pactera.reggie.ReggieApplicationTests" time="5.717" tests="2" errors="0" skipped="0" failures="0">
  <properties>
    <property name="java.specification.version" value="17"/>
    <property name="sun.cpu.isalist" value="amd64"/>
    <property name="sun.jnu.encoding" value="GBK"/>
    <property name="java.class.path" value="D:\IdeaProjects\reggie\target\test-classes;D:\IdeaProjects\reggie\target\classes;C:\Users\P6054028\Desktop\apache-maven-3.6.3\org\springframework\boot\spring-boot-starter-web\3.0.6\spring-boot-starter-web-3.0.6.jar;C:\Users\P6054028\Desktop\apache-maven-3.6.3\org\springframework\boot\spring-boot-starter\3.0.6\spring-boot-starter-3.0.6.jar;C:\Users\P6054028\Desktop\apache-maven-3.6.3\org\springframework\boot\spring-boot\3.0.6\spring-boot-3.0.6.jar;C:\Users\P6054028\Desktop\apache-maven-3.6.3\org\springframework\boot\spring-boot-starter-logging\3.0.6\spring-boot-starter-logging-3.0.6.jar;C:\Users\P6054028\Desktop\apache-maven-3.6.3\ch\qos\logback\logback-classic\1.4.7\logback-classic-1.4.7.jar;C:\Users\P6054028\Desktop\apache-maven-3.6.3\ch\qos\logback\logback-core\1.4.7\logback-core-1.4.7.jar;C:\Users\P6054028\Desktop\apache-maven-3.6.3\org\apache\logging\log4j\log4j-to-slf4j\2.19.0\log4j-to-slf4j-2.19.0.jar;C:\Users\P6054028\Desktop\apache-maven-3.6.3\org\apache\logging\log4j\log4j-api\2.19.0\log4j-api-2.19.0.jar;C:\Users\P6054028\Desktop\apache-maven-3.6.3\org\slf4j\jul-to-slf4j\2.0.7\jul-to-slf4j-2.0.7.jar;C:\Users\P6054028\Desktop\apache-maven-3.6.3\jakarta\annotation\jakarta.annotation-api\2.1.1\jakarta.annotation-api-2.1.1.jar;C:\Users\P6054028\Desktop\apache-maven-3.6.3\org\yaml\snakeyaml\1.33\snakeyaml-1.33.jar;C:\Users\P6054028\Desktop\apache-maven-3.6.3\org\springframework\boot\spring-boot-starter-json\3.0.6\spring-boot-starter-json-3.0.6.jar;C:\Users\P6054028\Desktop\apache-maven-3.6.3\com\fasterxml\jackson\core\jackson-databind\2.14.2\jackson-databind-2.14.2.jar;C:\Users\P6054028\Desktop\apache-maven-3.6.3\com\fasterxml\jackson\core\jackson-annotations\2.14.2\jackson-annotations-2.14.2.jar;C:\Users\P6054028\Desktop\apache-maven-3.6.3\com\fasterxml\jackson\core\jackson-core\2.14.2\jackson-core-2.14.2.jar;C:\Users\P6054028\Desktop\apache-maven-3.6.3\com\fasterxml\jackson\datatype\jackson-datatype-jdk8\2.14.2\jackson-datatype-jdk8-2.14.2.jar;C:\Users\P6054028\Desktop\apache-maven-3.6.3\com\fasterxml\jackson\datatype\jackson-datatype-jsr310\2.14.2\jackson-datatype-jsr310-2.14.2.jar;C:\Users\P6054028\Desktop\apache-maven-3.6.3\com\fasterxml\jackson\module\jackson-module-parameter-names\2.14.2\jackson-module-parameter-names-2.14.2.jar;C:\Users\P6054028\Desktop\apache-maven-3.6.3\org\springframework\boot\spring-boot-starter-tomcat\3.0.6\spring-boot-starter-tomcat-3.0.6.jar;C:\Users\P6054028\Desktop\apache-maven-3.6.3\org\apache\tomcat\embed\tomcat-embed-core\10.1.8\tomcat-embed-core-10.1.8.jar;C:\Users\P6054028\Desktop\apache-maven-3.6.3\org\apache\tomcat\embed\tomcat-embed-el\10.1.8\tomcat-embed-el-10.1.8.jar;C:\Users\P6054028\Desktop\apache-maven-3.6.3\org\apache\tomcat\embed\tomcat-embed-websocket\10.1.8\tomcat-embed-websocket-10.1.8.jar;C:\Users\P6054028\Desktop\apache-maven-3.6.3\org\springframework\spring-web\6.0.8\spring-web-6.0.8.jar;C:\Users\P6054028\Desktop\apache-maven-3.6.3\org\springframework\spring-beans\6.0.8\spring-beans-6.0.8.jar;C:\Users\P6054028\Desktop\apache-maven-3.6.3\io\micrometer\micrometer-observation\1.10.6\micrometer-observation-1.10.6.jar;C:\Users\P6054028\Desktop\apache-maven-3.6.3\io\micrometer\micrometer-commons\1.10.6\micrometer-commons-1.10.6.jar;C:\Users\P6054028\Desktop\apache-maven-3.6.3\org\springframework\spring-webmvc\6.0.8\spring-webmvc-6.0.8.jar;C:\Users\P6054028\Desktop\apache-maven-3.6.3\org\springframework\spring-aop\6.0.8\spring-aop-6.0.8.jar;C:\Users\P6054028\Desktop\apache-maven-3.6.3\org\springframework\spring-context\6.0.8\spring-context-6.0.8.jar;C:\Users\P6054028\Desktop\apache-maven-3.6.3\org\springframework\spring-expression\6.0.8\spring-expression-6.0.8.jar;C:\Users\P6054028\Desktop\apache-maven-3.6.3\com\mysql\mysql-connector-j\8.0.33\mysql-connector-j-8.0.33.jar;C:\Users\P6054028\Desktop\apache-maven-3.6.3\org\projectlombok\lombok\1.18.26\lombok-1.18.26.jar;C:\Users\P6054028\Desktop\apache-maven-3.6.3\org\springframework\boot\spring-boot-starter-test\3.0.6\spring-boot-starter-test-3.0.6.jar;C:\Users\P6054028\Desktop\apache-maven-3.6.3\org\springframework\boot\spring-boot-test\3.0.6\spring-boot-test-3.0.6.jar;C:\Users\P6054028\Desktop\apache-maven-3.6.3\org\springframework\boot\spring-boot-test-autoconfigure\3.0.6\spring-boot-test-autoconfigure-3.0.6.jar;C:\Users\P6054028\Desktop\apache-maven-3.6.3\com\jayway\jsonpath\json-path\2.7.0\json-path-2.7.0.jar;C:\Users\P6054028\Desktop\apache-maven-3.6.3\net\minidev\json-smart\2.4.10\json-smart-2.4.10.jar;C:\Users\P6054028\Desktop\apache-maven-3.6.3\net\minidev\accessors-smart\2.4.9\accessors-smart-2.4.9.jar;C:\Users\P6054028\Desktop\apache-maven-3.6.3\org\ow2\asm\asm\9.3\asm-9.3.jar;C:\Users\P6054028\Desktop\apache-maven-3.6.3\jakarta\xml\bind\jakarta.xml.bind-api\4.0.0\jakarta.xml.bind-api-4.0.0.jar;C:\Users\P6054028\Desktop\apache-maven-3.6.3\jakarta\activation\jakarta.activation-api\2.1.1\jakarta.activation-api-2.1.1.jar;C:\Users\P6054028\Desktop\apache-maven-3.6.3\org\assertj\assertj-core\3.23.1\assertj-core-3.23.1.jar;C:\Users\P6054028\Desktop\apache-maven-3.6.3\net\bytebuddy\byte-buddy\1.12.23\byte-buddy-1.12.23.jar;C:\Users\P6054028\Desktop\apache-maven-3.6.3\org\hamcrest\hamcrest\2.2\hamcrest-2.2.jar;C:\Users\P6054028\Desktop\apache-maven-3.6.3\org\junit\jupiter\junit-jupiter\5.9.2\junit-jupiter-5.9.2.jar;C:\Users\P6054028\Desktop\apache-maven-3.6.3\org\junit\jupiter\junit-jupiter-api\5.9.2\junit-jupiter-api-5.9.2.jar;C:\Users\P6054028\Desktop\apache-maven-3.6.3\org\opentest4j\opentest4j\1.2.0\opentest4j-1.2.0.jar;C:\Users\P6054028\Desktop\apache-maven-3.6.3\org\junit\platform\junit-platform-commons\1.9.2\junit-platform-commons-1.9.2.jar;C:\Users\P6054028\Desktop\apache-maven-3.6.3\org\apiguardian\apiguardian-api\1.1.2\apiguardian-api-1.1.2.jar;C:\Users\P6054028\Desktop\apache-maven-3.6.3\org\junit\jupiter\junit-jupiter-params\5.9.2\junit-jupiter-params-5.9.2.jar;C:\Users\P6054028\Desktop\apache-maven-3.6.3\org\junit\jupiter\junit-jupiter-engine\5.9.2\junit-jupiter-engine-5.9.2.jar;C:\Users\P6054028\Desktop\apache-maven-3.6.3\org\junit\platform\junit-platform-engine\1.9.2\junit-platform-engine-1.9.2.jar;C:\Users\P6054028\Desktop\apache-maven-3.6.3\org\mockito\mockito-core\4.8.1\mockito-core-4.8.1.jar;C:\Users\P6054028\Desktop\apache-maven-3.6.3\net\bytebuddy\byte-buddy-agent\1.12.23\byte-buddy-agent-1.12.23.jar;C:\Users\P6054028\Desktop\apache-maven-3.6.3\org\objenesis\objenesis\3.2\objenesis-3.2.jar;C:\Users\P6054028\Desktop\apache-maven-3.6.3\org\mockito\mockito-junit-jupiter\4.8.1\mockito-junit-jupiter-4.8.1.jar;C:\Users\P6054028\Desktop\apache-maven-3.6.3\org\skyscreamer\jsonassert\1.5.1\jsonassert-1.5.1.jar;C:\Users\P6054028\Desktop\apache-maven-3.6.3\com\vaadin\external\google\android-json\0.0.20131108.vaadin1\android-json-0.0.20131108.vaadin1.jar;C:\Users\P6054028\Desktop\apache-maven-3.6.3\org\springframework\spring-core\6.0.8\spring-core-6.0.8.jar;C:\Users\P6054028\Desktop\apache-maven-3.6.3\org\springframework\spring-jcl\6.0.8\spring-jcl-6.0.8.jar;C:\Users\P6054028\Desktop\apache-maven-3.6.3\org\springframework\spring-test\6.0.8\spring-test-6.0.8.jar;C:\Users\P6054028\Desktop\apache-maven-3.6.3\org\xmlunit\xmlunit-core\2.9.1\xmlunit-core-2.9.1.jar;C:\Users\P6054028\Desktop\apache-maven-3.6.3\com\baomidou\mybatis-plus-boot-starter\3.5.3\mybatis-plus-boot-starter-3.5.3.jar;C:\Users\P6054028\Desktop\apache-maven-3.6.3\com\baomidou\mybatis-plus\3.5.3\mybatis-plus-3.5.3.jar;C:\Users\P6054028\Desktop\apache-maven-3.6.3\com\baomidou\mybatis-plus-extension\3.5.3\mybatis-plus-extension-3.5.3.jar;C:\Users\P6054028\Desktop\apache-maven-3.6.3\com\baomidou\mybatis-plus-core\3.5.3\mybatis-plus-core-3.5.3.jar;C:\Users\P6054028\Desktop\apache-maven-3.6.3\com\baomidou\mybatis-plus-annotation\3.5.3\mybatis-plus-annotation-3.5.3.jar;C:\Users\P6054028\Desktop\apache-maven-3.6.3\com\github\jsqlparser\jsqlparser\4.4\jsqlparser-4.4.jar;C:\Users\P6054028\Desktop\apache-maven-3.6.3\org\mybatis\mybatis\3.5.10\mybatis-3.5.10.jar;C:\Users\P6054028\Desktop\apache-maven-3.6.3\org\mybatis\mybatis-spring\2.0.7\mybatis-spring-2.0.7.jar;C:\Users\P6054028\Desktop\apache-maven-3.6.3\org\springframework\boot\spring-boot-autoconfigure\3.0.6\spring-boot-autoconfigure-3.0.6.jar;C:\Users\P6054028\Desktop\apache-maven-3.6.3\org\springframework\boot\spring-boot-starter-jdbc\3.0.6\spring-boot-starter-jdbc-3.0.6.jar;C:\Users\P6054028\Desktop\apache-maven-3.6.3\com\zaxxer\HikariCP\5.0.1\HikariCP-5.0.1.jar;C:\Users\P6054028\Desktop\apache-maven-3.6.3\org\springframework\spring-jdbc\6.0.8\spring-jdbc-6.0.8.jar;C:\Users\P6054028\Desktop\apache-maven-3.6.3\org\springframework\spring-tx\6.0.8\spring-tx-6.0.8.jar;C:\Users\P6054028\Desktop\apache-maven-3.6.3\com\alibaba\fastjson2\fastjson2\2.0.26\fastjson2-2.0.26.jar;C:\Users\P6054028\Desktop\apache-maven-3.6.3\commons-lang\commons-lang\2.6\commons-lang-2.6.jar;C:\Users\P6054028\Desktop\apache-maven-3.6.3\com\alibaba\druid-spring-boot-starter\1.2.15\druid-spring-boot-starter-1.2.15.jar;C:\Users\P6054028\Desktop\apache-maven-3.6.3\com\alibaba\druid\1.2.15\druid-1.2.15.jar;C:\Users\P6054028\Desktop\apache-maven-3.6.3\org\slf4j\slf4j-api\2.0.7\slf4j-api-2.0.7.jar;C:\Users\P6054028\Desktop\apache-maven-3.6.3\org\springframework\boot\spring-boot-starter-thymeleaf\3.0.6\spring-boot-starter-thymeleaf-3.0.6.jar;C:\Users\P6054028\Desktop\apache-maven-3.6.3\org\thymeleaf\thymeleaf-spring6\3.1.1.RELEASE\thymeleaf-spring6-3.1.1.RELEASE.jar;C:\Users\P6054028\Desktop\apache-maven-3.6.3\org\thymeleaf\thymeleaf\3.1.1.RELEASE\thymeleaf-3.1.1.RELEASE.jar;C:\Users\P6054028\Desktop\apache-maven-3.6.3\org\attoparser\attoparser\2.0.6.RELEASE\attoparser-2.0.6.RELEASE.jar;C:\Users\P6054028\Desktop\apache-maven-3.6.3\org\unbescape\unbescape\1.1.6.RELEASE\unbescape-1.1.6.RELEASE.jar;C:\Users\P6054028\Desktop\apache-maven-3.6.3\org\springframework\boot\spring-boot-starter-mail\3.0.6\spring-boot-starter-mail-3.0.6.jar;C:\Users\P6054028\Desktop\apache-maven-3.6.3\org\springframework\spring-context-support\6.0.8\spring-context-support-6.0.8.jar;C:\Users\P6054028\Desktop\apache-maven-3.6.3\org\eclipse\angus\jakarta.mail\1.0.0\jakarta.mail-1.0.0.jar;C:\Users\P6054028\Desktop\apache-maven-3.6.3\org\eclipse\angus\angus-activation\2.0.0\angus-activation-2.0.0.jar;"/>
    <property name="java.vm.vendor" value="JetBrains s.r.o."/>
    <property name="sun.arch.data.model" value="64"/>
    <property name="user.variant" value=""/>
    <property name="java.vendor.url" value="https://openjdk.java.net/"/>
    <property name="user.timezone" value="Asia/Shanghai"/>
    <property name="os.name" value="Windows 10"/>
    <property name="java.vm.specification.version" value="17"/>
    <property name="sun.java.launcher" value="SUN_STANDARD"/>
    <property name="user.country" value="CN"/>
    <property name="sun.boot.library.path" value="C:\Users\P6054028\.jdks\jbr-17.0.6\bin"/>
    <property name="sun.java.command" value="C:\Users\P6054028\AppData\Local\Temp\surefire12010833777991563691\surefirebooter5226879774637008678.jar C:\Users\P6054028\AppData\Local\Temp\surefire12010833777991563691 2023-05-17T15-38-49_543-jvmRun1 surefire9548323669390730240tmp surefire_09213885542340627371tmp"/>
    <property name="jdk.debug" value="release"/>
    <property name="surefire.test.class.path" value="D:\IdeaProjects\reggie\target\test-classes;D:\IdeaProjects\reggie\target\classes;C:\Users\P6054028\Desktop\apache-maven-3.6.3\org\springframework\boot\spring-boot-starter-web\3.0.6\spring-boot-starter-web-3.0.6.jar;C:\Users\P6054028\Desktop\apache-maven-3.6.3\org\springframework\boot\spring-boot-starter\3.0.6\spring-boot-starter-3.0.6.jar;C:\Users\P6054028\Desktop\apache-maven-3.6.3\org\springframework\boot\spring-boot\3.0.6\spring-boot-3.0.6.jar;C:\Users\P6054028\Desktop\apache-maven-3.6.3\org\springframework\boot\spring-boot-starter-logging\3.0.6\spring-boot-starter-logging-3.0.6.jar;C:\Users\P6054028\Desktop\apache-maven-3.6.3\ch\qos\logback\logback-classic\1.4.7\logback-classic-1.4.7.jar;C:\Users\P6054028\Desktop\apache-maven-3.6.3\ch\qos\logback\logback-core\1.4.7\logback-core-1.4.7.jar;C:\Users\P6054028\Desktop\apache-maven-3.6.3\org\apache\logging\log4j\log4j-to-slf4j\2.19.0\log4j-to-slf4j-2.19.0.jar;C:\Users\P6054028\Desktop\apache-maven-3.6.3\org\apache\logging\log4j\log4j-api\2.19.0\log4j-api-2.19.0.jar;C:\Users\P6054028\Desktop\apache-maven-3.6.3\org\slf4j\jul-to-slf4j\2.0.7\jul-to-slf4j-2.0.7.jar;C:\Users\P6054028\Desktop\apache-maven-3.6.3\jakarta\annotation\jakarta.annotation-api\2.1.1\jakarta.annotation-api-2.1.1.jar;C:\Users\P6054028\Desktop\apache-maven-3.6.3\org\yaml\snakeyaml\1.33\snakeyaml-1.33.jar;C:\Users\P6054028\Desktop\apache-maven-3.6.3\org\springframework\boot\spring-boot-starter-json\3.0.6\spring-boot-starter-json-3.0.6.jar;C:\Users\P6054028\Desktop\apache-maven-3.6.3\com\fasterxml\jackson\core\jackson-databind\2.14.2\jackson-databind-2.14.2.jar;C:\Users\P6054028\Desktop\apache-maven-3.6.3\com\fasterxml\jackson\core\jackson-annotations\2.14.2\jackson-annotations-2.14.2.jar;C:\Users\P6054028\Desktop\apache-maven-3.6.3\com\fasterxml\jackson\core\jackson-core\2.14.2\jackson-core-2.14.2.jar;C:\Users\P6054028\Desktop\apache-maven-3.6.3\com\fasterxml\jackson\datatype\jackson-datatype-jdk8\2.14.2\jackson-datatype-jdk8-2.14.2.jar;C:\Users\P6054028\Desktop\apache-maven-3.6.3\com\fasterxml\jackson\datatype\jackson-datatype-jsr310\2.14.2\jackson-datatype-jsr310-2.14.2.jar;C:\Users\P6054028\Desktop\apache-maven-3.6.3\com\fasterxml\jackson\module\jackson-module-parameter-names\2.14.2\jackson-module-parameter-names-2.14.2.jar;C:\Users\P6054028\Desktop\apache-maven-3.6.3\org\springframework\boot\spring-boot-starter-tomcat\3.0.6\spring-boot-starter-tomcat-3.0.6.jar;C:\Users\P6054028\Desktop\apache-maven-3.6.3\org\apache\tomcat\embed\tomcat-embed-core\10.1.8\tomcat-embed-core-10.1.8.jar;C:\Users\P6054028\Desktop\apache-maven-3.6.3\org\apache\tomcat\embed\tomcat-embed-el\10.1.8\tomcat-embed-el-10.1.8.jar;C:\Users\P6054028\Desktop\apache-maven-3.6.3\org\apache\tomcat\embed\tomcat-embed-websocket\10.1.8\tomcat-embed-websocket-10.1.8.jar;C:\Users\P6054028\Desktop\apache-maven-3.6.3\org\springframework\spring-web\6.0.8\spring-web-6.0.8.jar;C:\Users\P6054028\Desktop\apache-maven-3.6.3\org\springframework\spring-beans\6.0.8\spring-beans-6.0.8.jar;C:\Users\P6054028\Desktop\apache-maven-3.6.3\io\micrometer\micrometer-observation\1.10.6\micrometer-observation-1.10.6.jar;C:\Users\P6054028\Desktop\apache-maven-3.6.3\io\micrometer\micrometer-commons\1.10.6\micrometer-commons-1.10.6.jar;C:\Users\P6054028\Desktop\apache-maven-3.6.3\org\springframework\spring-webmvc\6.0.8\spring-webmvc-6.0.8.jar;C:\Users\P6054028\Desktop\apache-maven-3.6.3\org\springframework\spring-aop\6.0.8\spring-aop-6.0.8.jar;C:\Users\P6054028\Desktop\apache-maven-3.6.3\org\springframework\spring-context\6.0.8\spring-context-6.0.8.jar;C:\Users\P6054028\Desktop\apache-maven-3.6.3\org\springframework\spring-expression\6.0.8\spring-expression-6.0.8.jar;C:\Users\P6054028\Desktop\apache-maven-3.6.3\com\mysql\mysql-connector-j\8.0.33\mysql-connector-j-8.0.33.jar;C:\Users\P6054028\Desktop\apache-maven-3.6.3\org\projectlombok\lombok\1.18.26\lombok-1.18.26.jar;C:\Users\P6054028\Desktop\apache-maven-3.6.3\org\springframework\boot\spring-boot-starter-test\3.0.6\spring-boot-starter-test-3.0.6.jar;C:\Users\P6054028\Desktop\apache-maven-3.6.3\org\springframework\boot\spring-boot-test\3.0.6\spring-boot-test-3.0.6.jar;C:\Users\P6054028\Desktop\apache-maven-3.6.3\org\springframework\boot\spring-boot-test-autoconfigure\3.0.6\spring-boot-test-autoconfigure-3.0.6.jar;C:\Users\P6054028\Desktop\apache-maven-3.6.3\com\jayway\jsonpath\json-path\2.7.0\json-path-2.7.0.jar;C:\Users\P6054028\Desktop\apache-maven-3.6.3\net\minidev\json-smart\2.4.10\json-smart-2.4.10.jar;C:\Users\P6054028\Desktop\apache-maven-3.6.3\net\minidev\accessors-smart\2.4.9\accessors-smart-2.4.9.jar;C:\Users\P6054028\Desktop\apache-maven-3.6.3\org\ow2\asm\asm\9.3\asm-9.3.jar;C:\Users\P6054028\Desktop\apache-maven-3.6.3\jakarta\xml\bind\jakarta.xml.bind-api\4.0.0\jakarta.xml.bind-api-4.0.0.jar;C:\Users\P6054028\Desktop\apache-maven-3.6.3\jakarta\activation\jakarta.activation-api\2.1.1\jakarta.activation-api-2.1.1.jar;C:\Users\P6054028\Desktop\apache-maven-3.6.3\org\assertj\assertj-core\3.23.1\assertj-core-3.23.1.jar;C:\Users\P6054028\Desktop\apache-maven-3.6.3\net\bytebuddy\byte-buddy\1.12.23\byte-buddy-1.12.23.jar;C:\Users\P6054028\Desktop\apache-maven-3.6.3\org\hamcrest\hamcrest\2.2\hamcrest-2.2.jar;C:\Users\P6054028\Desktop\apache-maven-3.6.3\org\junit\jupiter\junit-jupiter\5.9.2\junit-jupiter-5.9.2.jar;C:\Users\P6054028\Desktop\apache-maven-3.6.3\org\junit\jupiter\junit-jupiter-api\5.9.2\junit-jupiter-api-5.9.2.jar;C:\Users\P6054028\Desktop\apache-maven-3.6.3\org\opentest4j\opentest4j\1.2.0\opentest4j-1.2.0.jar;C:\Users\P6054028\Desktop\apache-maven-3.6.3\org\junit\platform\junit-platform-commons\1.9.2\junit-platform-commons-1.9.2.jar;C:\Users\P6054028\Desktop\apache-maven-3.6.3\org\apiguardian\apiguardian-api\1.1.2\apiguardian-api-1.1.2.jar;C:\Users\P6054028\Desktop\apache-maven-3.6.3\org\junit\jupiter\junit-jupiter-params\5.9.2\junit-jupiter-params-5.9.2.jar;C:\Users\P6054028\Desktop\apache-maven-3.6.3\org\junit\jupiter\junit-jupiter-engine\5.9.2\junit-jupiter-engine-5.9.2.jar;C:\Users\P6054028\Desktop\apache-maven-3.6.3\org\junit\platform\junit-platform-engine\1.9.2\junit-platform-engine-1.9.2.jar;C:\Users\P6054028\Desktop\apache-maven-3.6.3\org\mockito\mockito-core\4.8.1\mockito-core-4.8.1.jar;C:\Users\P6054028\Desktop\apache-maven-3.6.3\net\bytebuddy\byte-buddy-agent\1.12.23\byte-buddy-agent-1.12.23.jar;C:\Users\P6054028\Desktop\apache-maven-3.6.3\org\objenesis\objenesis\3.2\objenesis-3.2.jar;C:\Users\P6054028\Desktop\apache-maven-3.6.3\org\mockito\mockito-junit-jupiter\4.8.1\mockito-junit-jupiter-4.8.1.jar;C:\Users\P6054028\Desktop\apache-maven-3.6.3\org\skyscreamer\jsonassert\1.5.1\jsonassert-1.5.1.jar;C:\Users\P6054028\Desktop\apache-maven-3.6.3\com\vaadin\external\google\android-json\0.0.20131108.vaadin1\android-json-0.0.20131108.vaadin1.jar;C:\Users\P6054028\Desktop\apache-maven-3.6.3\org\springframework\spring-core\6.0.8\spring-core-6.0.8.jar;C:\Users\P6054028\Desktop\apache-maven-3.6.3\org\springframework\spring-jcl\6.0.8\spring-jcl-6.0.8.jar;C:\Users\P6054028\Desktop\apache-maven-3.6.3\org\springframework\spring-test\6.0.8\spring-test-6.0.8.jar;C:\Users\P6054028\Desktop\apache-maven-3.6.3\org\xmlunit\xmlunit-core\2.9.1\xmlunit-core-2.9.1.jar;C:\Users\P6054028\Desktop\apache-maven-3.6.3\com\baomidou\mybatis-plus-boot-starter\3.5.3\mybatis-plus-boot-starter-3.5.3.jar;C:\Users\P6054028\Desktop\apache-maven-3.6.3\com\baomidou\mybatis-plus\3.5.3\mybatis-plus-3.5.3.jar;C:\Users\P6054028\Desktop\apache-maven-3.6.3\com\baomidou\mybatis-plus-extension\3.5.3\mybatis-plus-extension-3.5.3.jar;C:\Users\P6054028\Desktop\apache-maven-3.6.3\com\baomidou\mybatis-plus-core\3.5.3\mybatis-plus-core-3.5.3.jar;C:\Users\P6054028\Desktop\apache-maven-3.6.3\com\baomidou\mybatis-plus-annotation\3.5.3\mybatis-plus-annotation-3.5.3.jar;C:\Users\P6054028\Desktop\apache-maven-3.6.3\com\github\jsqlparser\jsqlparser\4.4\jsqlparser-4.4.jar;C:\Users\P6054028\Desktop\apache-maven-3.6.3\org\mybatis\mybatis\3.5.10\mybatis-3.5.10.jar;C:\Users\P6054028\Desktop\apache-maven-3.6.3\org\mybatis\mybatis-spring\2.0.7\mybatis-spring-2.0.7.jar;C:\Users\P6054028\Desktop\apache-maven-3.6.3\org\springframework\boot\spring-boot-autoconfigure\3.0.6\spring-boot-autoconfigure-3.0.6.jar;C:\Users\P6054028\Desktop\apache-maven-3.6.3\org\springframework\boot\spring-boot-starter-jdbc\3.0.6\spring-boot-starter-jdbc-3.0.6.jar;C:\Users\P6054028\Desktop\apache-maven-3.6.3\com\zaxxer\HikariCP\5.0.1\HikariCP-5.0.1.jar;C:\Users\P6054028\Desktop\apache-maven-3.6.3\org\springframework\spring-jdbc\6.0.8\spring-jdbc-6.0.8.jar;C:\Users\P6054028\Desktop\apache-maven-3.6.3\org\springframework\spring-tx\6.0.8\spring-tx-6.0.8.jar;C:\Users\P6054028\Desktop\apache-maven-3.6.3\com\alibaba\fastjson2\fastjson2\2.0.26\fastjson2-2.0.26.jar;C:\Users\P6054028\Desktop\apache-maven-3.6.3\commons-lang\commons-lang\2.6\commons-lang-2.6.jar;C:\Users\P6054028\Desktop\apache-maven-3.6.3\com\alibaba\druid-spring-boot-starter\1.2.15\druid-spring-boot-starter-1.2.15.jar;C:\Users\P6054028\Desktop\apache-maven-3.6.3\com\alibaba\druid\1.2.15\druid-1.2.15.jar;C:\Users\P6054028\Desktop\apache-maven-3.6.3\org\slf4j\slf4j-api\2.0.7\slf4j-api-2.0.7.jar;C:\Users\P6054028\Desktop\apache-maven-3.6.3\org\springframework\boot\spring-boot-starter-thymeleaf\3.0.6\spring-boot-starter-thymeleaf-3.0.6.jar;C:\Users\P6054028\Desktop\apache-maven-3.6.3\org\thymeleaf\thymeleaf-spring6\3.1.1.RELEASE\thymeleaf-spring6-3.1.1.RELEASE.jar;C:\Users\P6054028\Desktop\apache-maven-3.6.3\org\thymeleaf\thymeleaf\3.1.1.RELEASE\thymeleaf-3.1.1.RELEASE.jar;C:\Users\P6054028\Desktop\apache-maven-3.6.3\org\attoparser\attoparser\2.0.6.RELEASE\attoparser-2.0.6.RELEASE.jar;C:\Users\P6054028\Desktop\apache-maven-3.6.3\org\unbescape\unbescape\1.1.6.RELEASE\unbescape-1.1.6.RELEASE.jar;C:\Users\P6054028\Desktop\apache-maven-3.6.3\org\springframework\boot\spring-boot-starter-mail\3.0.6\spring-boot-starter-mail-3.0.6.jar;C:\Users\P6054028\Desktop\apache-maven-3.6.3\org\springframework\spring-context-support\6.0.8\spring-context-support-6.0.8.jar;C:\Users\P6054028\Desktop\apache-maven-3.6.3\org\eclipse\angus\jakarta.mail\1.0.0\jakarta.mail-1.0.0.jar;C:\Users\P6054028\Desktop\apache-maven-3.6.3\org\eclipse\angus\angus-activation\2.0.0\angus-activation-2.0.0.jar;"/>
    <property name="sun.cpu.endian" value="little"/>
    <property name="user.home" value="C:\Users\P6054028"/>
    <property name="user.language" value="zh"/>
    <property name="java.specification.vendor" value="Oracle Corporation"/>
    <property name="java.version.date" value="2023-01-17"/>
    <property name="java.home" value="C:\Users\P6054028\.jdks\jbr-17.0.6"/>
    <property name="file.separator" value="\"/>
    <property name="basedir" value="D:\IdeaProjects\reggie"/>
    <property name="java.vm.compressedOopsMode" value="Zero based"/>
    <property name="line.separator" value="&#10;"/>
    <property name="java.vm.specification.vendor" value="Oracle Corporation"/>
    <property name="java.specification.name" value="Java Platform API Specification"/>
    <property name="jbr.virtualization.information" value="Hyper-V role"/>
    <property name="surefire.real.class.path" value="C:\Users\P6054028\AppData\Local\Temp\surefire12010833777991563691\surefirebooter5226879774637008678.jar"/>
    <property name="user.script" value=""/>
    <property name="sun.management.compiler" value="HotSpot 64-Bit Tiered Compilers"/>
    <property name="java.runtime.version" value="17.0.6+10-b829.9"/>
    <property name="user.name" value="P6054028"/>
    <property name="path.separator" value=";"/>
    <property name="os.version" value="10.0"/>
    <property name="java.runtime.name" value="OpenJDK Runtime Environment"/>
    <property name="file.encoding" value="GBK"/>
    <property name="java.vm.name" value="OpenJDK 64-Bit Server VM"/>
    <property name="java.vendor.version" value="JBR-17.0.6+10-829.9-nomod"/>
    <property name="localRepository" value="C:\Users\P6054028\Desktop\apache-maven-3.6.3"/>
    <property name="java.vendor.url.bug" value="https://bugreport.java.com/bugreport/"/>
    <property name="java.io.tmpdir" value="C:\Users\P6054028\AppData\Local\Temp\"/>
    <property name="idea.version" value="2021.2.2"/>
    <property name="java.version" value="17.0.6"/>
    <property name="user.dir" value="D:\IdeaProjects\reggie"/>
    <property name="os.arch" value="amd64"/>
    <property name="java.vm.specification.name" value="Java Virtual Machine Specification"/>
    <property name="sun.os.patch.level" value=""/>
    <property name="native.encoding" value="GBK"/>
    <property name="java.library.path" value="C:\Users\P6054028\.jdks\jbr-17.0.6\bin;C:\Windows\Sun\Java\bin;C:\Windows\system32;C:\Windows;C:\Program Files\Common Files\Oracle\Java\javapath;C:\Windows\system32;C:\Windows;C:\Windows\System32\Wbem;C:\Windows\System32\WindowsPowerShell\v1.0\;C:\Windows\System32\OpenSSH\;C:\Program Files\TortoiseGit\bin;C:\Program Files\Docker\Docker\resources\bin;C:\Users\P6054028\Desktop\apache-maven-3.6.3\bin;C:\Users\P6054028\.jdks\jbr-17.0.6\bin;C:\Program Files\nodejs\;C:\Program Files\nodejs\node_global\node_modules;C:\Users\P6054028\AppData\Local\Microsoft\WindowsApps;C:\Users\P6054028\AppData\Local\Programs\Git\cmd;C:\Users\P6054028\AppData\Local\Programs\Microsoft VS Code\bin;C:\Program Files\nodejs\node_global;;."/>
    <property name="java.vm.info" value="mixed mode"/>
    <property name="java.vendor" value="JetBrains s.r.o."/>
    <property name="java.vm.version" value="17.0.6+10-b829.9"/>
    <property name="sun.io.unicode.encoding" value="UnicodeLittle"/>
    <property name="maven.repo.local" value="C:\Users\P6054028\Desktop\apache-maven-3.6.3"/>
    <property name="java.class.version" value="61.0"/>
  </properties>
  <testcase name="selectUserById" classname="com.pactera.reggie.ReggieApplicationTests" time="1.453"/>
  <testcase name="contextLoads" classname="com.pactera.reggie.ReggieApplicationTests" time="0"/>
</testsuite>